Vivado Simulator v2024.2.0
Copyright 1986-2022 Xilinx, Inc. All Rights Reserved.
Copyright 2022-2024 Advanced Micro Devices, Inc. All Rights Reserved.
Running: D:/Vivado/Vivado/2024.2/bin/unwrapped/win64.o/xelab.exe --incr --debug typical --relax --mt 2 -L xil_defaultlib -L unisims_ver -L unimacro_ver -L secureip --snapshot DNA_top_tb_behav xil_defaultlib.DNA_top_tb xil_defaultlib.glbl -log elaborate.log 
Using 2 slave threads.
Starting static elaboration
Pass Through NonSizing Optimizer
Completed static elaboration
Starting simulation data flow analysis
Completed simulation data flow analysis
Time Resolution for simulation is 1ps
Compiling module xil_defaultlib.enable
Compiling module xil_defaultlib.posedge_detection
Compiling module xil_defaultlib.DNA_mem
Compiling module xil_defaultlib.register_file(DATA_WIDTH=32)
Compiling module xil_defaultlib.fifo_ctrl
Compiling module xil_defaultlib.FIFO(DATA_WIDTH=32)
Compiling module xil_defaultlib.DNA_PE(ID=0)
Compiling module xil_defaultlib.DNA_PE(ID=1)
Compiling module xil_defaultlib.DNA_PE(ID=2)
Compiling module xil_defaultlib.DNA_PE(ID=3)
Compiling module xil_defaultlib.DNA_PE(ID=4)
Compiling module xil_defaultlib.DNA_PE(ID=5)
Compiling module xil_defaultlib.DNA_PE(ID=6)
Compiling module xil_defaultlib.DNA_PE(ID=7)
Compiling module xil_defaultlib.DNA_PE(ID=8)
Compiling module xil_defaultlib.DNA_PE(ID=9)
Compiling module xil_defaultlib.DNA_PE(ID=10)
Compiling module xil_defaultlib.DNA_PE(ID=11)
Compiling module xil_defaultlib.DNA_PE(ID=12)
Compiling module xil_defaultlib.DNA_PE(ID=13)
Compiling module xil_defaultlib.DNA_PE(ID=14)
Compiling module xil_defaultlib.DNA_PE(ID=15)
Compiling module xil_defaultlib.DNA_top_default
Compiling module xil_defaultlib.DNA_top_tb
Compiling module xil_defaultlib.glbl
Built simulation snapshot DNA_top_tb_behav
